5315.18

2619.29

9278.39

5766.06

8067.82

4281.19

6329.52

8365.08

8009.35

6785.55

8811.54

6374.22

8801.66

3385.79

6337.14

5263.41

10135.64

7418.68

5095.71

9657.80

4909.03

7605.77

6844.03

4762.35

7333.20

4835.51

7794.38

5368.52

7615.37

8916.95

4307.18

7099.36

6423.65

9330.27

5693.97

4914.27

9235.78

6550.92

4319.76

7401.77

1678.69

9601.79

5357.86

0.00

7886.42

7891.26

8273.95

9300.40

7304.03

40111.90
