1064
3442
5664
3912
impossible
4733
3072
1036
1838
387
829
4107
2702
impossible
impossible
295
4168
impossible
2817
3104
3654
190
2966
impossible
impossible
1732
8196
1944
4690
1123
impossible
4078
impossible
impossible
3235
220
1301
4623
1008
impossible
impossible
impossible
impossible
impossible
impossible
0
impossible
impossible
impossible
impossible
impossible
impossible
impossible
0
impossible
impossible
impossible
impossible
impossible
impossible
impossible
impossible
impossible
impossible
impossible
impossible
impossible
impossible
0
impossible
impossible
impossible
impossible
0
impossible
impossible
impossible
impossible
impossible
impossible
impossible
impossible
impossible
impossible
impossible
impossible
impossible
impossible
impossible
impossible
impossible
impossible
impossible
impossible
impossible
impossible
impossible
impossible
impossible
impossible
impossible
impossible
impossible
0
impossible
2041
4040
694
1284
403
161
2524
595
0
1421
3102
2171
776
370
impossible
2680
517
2869
2649
957
2937
810
319
2375
1599
668
1629
710
2697
1142
1273
522
348
1523
1285
274
1661
1070
2787
1441
2213
impossible
750
1435
1789
2514
impossible
impossible
1622
572
impossible
impossible
39
422
1433
954
1450
impossible
285
405
1891
546
2680
398
impossible
442
1051
impossible
603
impossible
472
impossible
660
712
1213
1200
impossible
impossible
1107
4279
2053
3127
impossible
impossible
0
0
impossible
impossible
0
impossible
impossible
impossible
impossible
impossible
impossible
impossible
impossible
impossible
impossible
impossible
0
impossible
442
507
1535
impossible
969
852
362
468
376
1758
1131
807
2549
739
impossible
118
294
363
1965
94
120
686
372
1745
889
1599
817
407
138
12
420
882
1161
133
845
286
88
impossible
impossible
82
23
1577
290
308
1242
843
720
240
888
1582
1515
365
266
888
1596
1346
2008
3422
864
1761
1569
1578
117
870
86
282
1580
762
1181
5
impossible
506
impossible
1588
0
1784
744
439
impossible
1609
918
2893
impossible
1648
impossible
10823
2364
impossible
impossible
5757
7236
1934
impossible
impossible
1179
1233
2430
1134
impossible
4373
1360
impossible
2383
impossible
987
3985
5071
1625
impossible
impossible
impossible
impossible
impossible
3600
impossible
2188
impossible
9536
7637
5282
impossible
impossible
impossible
impossible
impossible
impossible
2754
impossible
5226
impossible
387
impossible
impossible
impossible
impossible
impossible
impossible
impossible
impossible
impossible
1028
impossible
0
impossible
impossible
impossible
2224
impossible
impossible
impossible
9776
201
576
387
impossible
impossible
impossible
impossible
534
impossible
impossible
impossible
impossible
impossible
impossible
impossible
impossible
impossible
impossible
impossible
impossible
impossible
impossible
5139
13334
impossible
impossible
impossible
impossible
impossible
impossible
impossible
impossible
553
impossible
impossible
impossible
impossible
3405
8172
impossible
impossible
10130
impossible
impossible
impossible
impossible
impossible
1080
impossible
impossible
impossible
9677
impossible
impossible
11048
6882
impossible
7068
6666
impossible
impossible
impossible
impossible
impossible
impossible
5907
impossible
2897
3375
1055
impossible
248
impossible
impossible
2440
782
1264
1742
impossible
2413
2288
3485
3781
1535
4622
335
2452
impossible
665
2851
2586
impossible
impossible
782
impossible
impossible
impossible
impossible
712
2316
2369
impossible
235
567
50
impossible
3340
947
impossible
1958
1082
1203
870
2761
857
impossible
223
1160
1630
252
24
158
357
145
127
159
121
218
191
295
226
130
16
68
184
238
170
693
201
617
224
334
325
354
410
73
231
