Case 1:
5215
3146
20810
21820
61542
23633
7366
4819
34415
40486
52545
43375
2159
20723
2488
52209
18901
35779
7513
20944
5796
5902
1855
50051
17521
11703
18708
4713
24620
29125
12746
2570
18889
1279
12264
12118
3047
4589
6418
10809
5666
7846
11760
45360
14545
20441
38963
37265
34831
8037
16120
583
12874
1875
2386
37593
16372
9980
19367
27595
24997
41115
10377
14306
13236
13585
2143
15717
17497

Case 2:
85860
61519
27209
11798
94109
29861
88736
74536
56806
11331
1482
18285
11167
35602
93021
51854
60445
101177
57639
137238
58887
30146
2265
62015
46939
19356
134695
146502
137610
98825
55640
4109
90364
71496
27995
8047
50576
69183
90136
15520
27995
6949
83985
48640
6300
50569
75518
70410
68464
98693
542

Case 3:
9340
30007
6777
9179
4436
23889
2610
10785
13624
17544
1485
9792
8393
15198
16029
9592
6416
8528
5334
5185
8021
3373
3422
16183
5449
19724
20856
4227
10018
82
19428
7992
15339
20649
1887
2307
5400
15381
168
15268
738
20575
1955
18068
995
5601
14831
4683
1547
11210
17950
6625
654
12371
14915
101
11210
1273
17479
11674
11576
5500
9406
13941
1696
4263
1329
5038
3764
14822
15495
4965
15609
689
7982
10605
442
5463
9364
3784
5287
7117

Case 4:
9252
7840
10631
8150
14813
13622
9929
17678
4906
17771
9476
3373
21407
19599
1379
11173
22958
12489
28260
13159
14904
20633
26115
17265
7909
10672
10641
21573
35109
24893
3065
8993
21310
30567
75
5465
7336
8121
23964
15412
6297
11321
3240
5114
2572
20109
26721
3848
20129
3888
1805
19627
20421
9557
5132
7495
5777
418
11166
2193
4250
12534
8141
608
7566
14889
3442
5994
3292
7193
3604
12179
1538
19942
17873
443
6426
5745
19248
1852
14793
4968
10911
6902
5973
9611
5072
3560
2377
8097
10415
2111
16459
16338
2990
10338
1804
10274
5362
18624
1288
6274
19599
22671
3052
1718
8746
11178
23063
637
22498
4522
16867
6381
5577
2781
13806
3212
5165
13194
9902
1285
12471
2389
861
4490
12943
11643
3736
10715
718
11737
5557
15027
848
2506
10184
1834
7871
4930
7943
17252
3619
4450
515
10215
8521
2613
11228
19330
1417
4547
611
5138
3641
9071
19288
8998
130
959
6374
15454
7844
10524
1587
7953
5816
10544
1072
2102
848
14752
15304
15038
3503
9374
4805
5599
14154

Case 5:
88154
43035
70335
23159
20123
27064
44705
54714
857
53893
38074
113328
38865
61485
17475
16350
93292
100490
40260
79758
19638
41182
4956
55526
3560
30451
21265
35362
37666
26043
64406
28690
114755
68201
4001
128414
86865
20675
8647
36479
102071
10796
18640
1848
29088
8238
100737
45636
126149
45993
15631
5403
34242
87827
91958
116516
65052
2863
14501
15134
28887
122582
3063
3075
51010
33164
55860
78979
65516
56439
54152
93359
90681
33545
79831
121053
75541
99028
47770
80765
51857
71128
69452
104810
30640
8387
10578
61287
86
3541
117840
94412
96393
11663
88269
4940
32363
58761
38727
49905
41033
60574
40042
26518
16375
31624
91120
123770
72026
117026
58828
71163
53696
18412
11446
35226
66577
4226
7131
19114
113785
56562
105168
76221
47382
101143
45640
49947
35810
2273
67646
5430
78799
43384
112496
50878
10135
28638
48589
43445
32477
58336
16137
12929
35213
20346
25732
93924
40020
44158
27066
10624
107131
63769
46125
9138
51700
15404
19462
101942
23225
24318
50174
31060
91114
59235
43259
34265
69418
14514
4404
24189
32316
117394
40504
35301
33819
58629
48426
43423
30664
18054
84560
69921
77431
34880
8100
79259
25337
1239
8920
99603
35274

Case 6:
494
494
1
1
1
1
1
1
1
1
1
1
1
1
1
1
1
1
1
1
1
1
1
1
1
1
1
1
1
1
1
1
1
1
1
1
1
1
1
1
1
1
1
1
1
1
1
1
1
1
1
1
1
1
1
1
1
1
1
1
1
1
1
1
1
1
1
1
1
1
1
1
1
1
1
1
1
1
1
1
1
1
1
1
1
1
1
1
1
1
1
1
1
1
1
1
1
1
1
1
1
1
1
1
1
1
1
1
1
1
1
1
1
1
1
1
1
1
1
1
1
1
1
1
1
1
1
1
1
1
1
1
1
1
1
1
1
1
1
1
1
1
1
1
1
1
1
1
1
1
1
1
1
1
1

Case 7:
62831
13101
48318
12974
52011
8711
963
26204
19373
74616
38210
13229
42521
121
39989
46399
56343
26094
44500
45605
19450
18828
16991
2752
55999
45688
57099
1441
73903
68711
11242
40154
62915
51220
26913
1066
5045
24178
47765
34436
30943
65507
14006
7768
33097
18302
17353
48388
5927
70227
2203
65420
12647
61509
33114
1838
23232
54619
31474
252
66179
34109
17646
7235
24780
19327
3964
17202
21468
40753
24172
18249
32772
30992
15789
8873
41494
16392
29168
15669
11715
41702
183
5503
42937
20749
40695
3627
39162
19285
25719
41081
16864
986
44965
27424
7032
12582
25289
2821
36541
9150
14530
216
16834
936
51042
4200
33468
14390
10952
32331
45865
1139
18741
19346
9196

Case 8:
176553
89905
45259
22477
46243
6080
19667
34025
113288
61920
7108
49625
88559
36277
32115
124681
163890
29659
103963
3851
138902
124229
149146
18360
30942
114793
54447
17960
61748
19491
6161
33980
70374
56741
79671
104248
96354
77784
3380
90829
32851
34312
27662
135294
146411
154962
73340
108608
34971
101775
796
76138
85846
110474
76694
60837
56092
38122
104017
77274
11655
60949
13659
47412
147627
98971
93095
80949
38027
92982
117126
140101
37457
122912
95003
5076
69409
107604
25922
17650
35930
67981
38918
17151
27347
1228
22202
25769
107372
86631
144167
78121
10139
90323
31163
1508
104569
61387
50413
56011
29097
6636
59987
11920
97525
35120
41297
124290
1935
54354
20672
49829
16117
50843
81444
149182
82783
96466
91201
93692
83574
100493
57338
73457
136421
81183
57128
19993
99914
65758
52027
23420
73991
100536
68675
61345
38286
106401
27399
96392
28529
52210
85022
15663
59491
85504
136397
118647
98685
3765
41593
108775
118228
891
79893
10739
48273
26582
26781
28497
62571
25109
42333
35744
97273
10041
19052
15832
118983
81685
13351
37659
22963
49424
3696
102690
12548
48953
87777
41387
1746
59524
55484
119397
64742
26329
135609
35539
39917
17443

Case 9:
16618
12611
76346
24790
5976
72983
88759
70099
56767
34472
18616
47298
36542
62493
39969
50224
46599
5812
54843
15190
18030
14043
47160
42494
85654
63957
9280
40834
36968
1028
15333
56749
28821
42537
75997
25727
17726
46434
49285
25728
2152
27482
21013
79176
22138
61635
48895
601
8195
8736
28276
16078
6744
19859
28836
10014
54647
9915
54056
19335
26373
29571
61022
40681
36651
69484
42792
18539
7334
13785
10948
25346
41398
73538
9933
55590
44274
54219
90673
24986
32311
441
12766
42041
23414
7332
63734
9446
37132
34411
3256
85308
20294
33179
27827
2537
11312
31033
34457

Case 10:
790
4584
2540
11689
2765
8664
648
12212
2280
2522
704
7413
1637
7065
425
12874
6259
656
8512
347
7207
8012
1859
598
2054
5312
1815
12122
500
2010
4436
192
1731
6427
3997
26
2277
4652
832
4118
1278
1240
5674
108
5500
1329
4248
5567
2166
4662
90
4222
4013
5293
6011
1865
2200
1998
4788
4698
2770
1252
1036
2240
215
2828
767
5807
3357
2634
114
375
1357
886
2613
5850
1868
1465
612
1220
2471
3829
4063
2418
3919
711
380
6614
982
3397
3767
506
365
221
485
986
821
661
4125
54
568
1491
4542
582
1999
2296
1085
2551
153
5060
797
876
1070
1047
1611

Case 11:
89111
54852
94117
18255
1951
81177
39940
17696
137158
28317
13076
65999
69086
30180
74992
2705
63551
59790
46154
116920
9866
68953
4921
43521
39758
75901
45459
5068
8447
55155
98813
94898
80812
25005
60616
10854
100198
18801
8020
48340
77415
28026
74039
272
72678
55323
73852
52771
50782
58217
69422
19905
66064
35548
32859
91350
67159
4667
9694
66530
84684
104143
36457
64260
75276
60574
82910
83626
88421
14917
65062
35979
69173
52163
70410
5809
59293
114899
60368
68102
55445
27702
36029
8898
57813
13998
91684
27311
1134
101692
55735
84345
40186
29762
26933
68986
2465
14893
1912
60537
50892
33662
16501
45472
11373
32655
54517
60471
80078
20188
83185
88524
8019
30722
39487
49912
8275
1738
45664
42465
54340
15859
18977
18456
2115
70748
19963
59291
86597
52433
23919
69036
3509
77306
7196
105291
9573
105466
25601
22154
51470

Case 12:
25780
58230
3546
103764
72636
14516
49694
87561
4007
120789
22738
7752
130129
200041
9019
117970
86050
24437
70311
21603
60392
52157
16557
115286
86658
8141
24824
49718
57579
144217
54592
111291
15170
191655
52511
21520
61828
5477
51552
99544
39513
34909
166635
25867
83593
12388
64938
180431
21473
30781
140133
44014
427
14750
92578
164038
88721
125312
123641
37625
91462
92212
138760
66174
102435
126140
80614
172990
34771
6926
109080
6264
30782
4711
92267
60712
3865
31823
14146
86362
101978
43918
87250
57504
61952
48964
96322
60026
12139
27227
29682
154567
14309
17996
17007
8617
176949
22814
18435
61288
51789
10264
8631
64675
28663
26372
11866
55088
19764
93759
10942
9104
50408
29117
63785
25178
50307
30074
40725
118465
84308
1514
107849
72864
163502
61843
9422
1387
9242
51059
91122
114848
117356
38148
25820
80608
113687
16412
103496
73761
59853
45126
104993
93974
71717
64851
16452
11974
83246
60892
115743
50460
158040
84422
55606

Case 13:
10236
44
8163
16565
13957
2283
6151
15311
356
10746
13916
4329
6658
2502
10386
17642
1793
9806
1836
1978
1168
8384
2255
10668
3453
8320
7491
8931
2892
12304
2009
8064
6282
6478
771
7423
7395
11616
4311
4358
93
4605
2836
915
353
5899
4081
1641
2059
75
1512
3130
3347
187
8233
4141
2158
573
149
8014
3123
3910
3865
2664
1666
7050
6494
4055
5148
3447
542
3062
3323
6237
2326
919
7709
4511
614
2347
1254
1231
1005
1100
3269
2958
3391
2582
1144
2580
1173
4324
185
590
4323
843
5026
961
1027
4978
310
2822
2608
172
2368
71
36
566
3533
355
155
661
643
652
1003
83
605
1840
1437
2114
1543
95
1144
182
1213
1205
1011
958
1302
3648
547
200
186
907
1433
484
1025
76
247
818
18
1372
692
4211
38
135
1263
749
1127
1252
453
119
1380
70
134
950
1257
281
1598
448
1162
1114
106
1184
247
1637
406
370
1259
194
1133
36
948
80
1015
1368
579
481
561
285
1232
265
145
2244
103
1267
1142
299
898
79
524

Case 14:
88926
21527
132052
65105
56904
25861
137827
100578
39362
21047
26958
34333
18497
9594
12232
8101
40334
139283
73174
2880
5100
8895
27431
32318
66657
33728
146273
34398
56610
20152
28029
30810
12284
77091
12148
15399
124890
34568
24219
1102
36741
62821
5831
118222
20257
117961
30671
109817
23825
12556
4126
6942
64458
45060
35655
2112
86271
86270
61535
48056
164585
7881
141328
159704
50094
64498
94576
8850
58697
12999
63032
32834
147976
59090
71838
32318
101791
127087
50342
98945
76556
42836
70879
42575
54517
101123
6694
69710
65157
98362
36133
14596
21173
36264
26402
24485
81123
134819
28545
53477
155728
17043
113016
16069
78360
51019
82108
46313
7413
20714
139998
90496
22484
19183
17545
75109
27302
35651
25426
47622
30345
51669
28493
15424
60927
21894
116060
69646
45759
50335
37637
42062
30462
79344
52264
67073
92075
60805
24168
27775
67971
105642
73855
1768
29438
107927
37047
96775
12422
50733
73654
24337

Case 15:
63750
46414
60392
35104
89621
45429
18237
50255
60698
59079
59530
67198
53386
59348
121966
28793
97856
24072
61670
62027
6964
38267
90087
7699
110804
15212
5984
38765
23113
3386
114023
30572
22929
58943
88851
70985
7877
7566
27060
70663

Case 16:
24498
7878
7558
20752
51856
15887
26006
27781
14571
22881
13753
4172
35653
16092
25882
61793
20939
14708
61474
61316
56926
35639
11986
16005
44536
19913
1419
22220
37230
9223
2282
24303
50941
25661
21025
4751
22594
4975
18404
22797
43919
37958
4736
32160
27669
13620
30019
10664
36643
16142
16075
1169
29673
48926
40228
11539
1098
46114
23297
48153
1038
27664
6551
4654
7022
5359
16836
11353
26613
20991
11880
44409
43171
928
20264
39269
471
22222
4370
35375
39694
9094
11522
12243
3700
6236
13724
1847
18061
25382
368
28661
8028
33787
1563
567
15353
22748
5063
13623
32112
3367
2495
6059
2246
24935
1613
1135
4837
1560
14048
9897
22967
9178
7168
24211
35569
624
10782
8232
3889
23710
30365
23018
27549

Case 17:
28382
26195
23298
26464
51473
28986
37201
39050
26255
30429
14459
804
24573
33579
3818
27155
38400
30936
111766
55819
81623
42884
11857
65046
31356
52686
5954
50332
33327
2615
105494
19986
51050
31555
46089
25618
120220
72344
27216
72988
56884
54364
68536
67990
5031
7047
122352
42011
9525
4310
45518
70873
70520
23224
43979
9939
23224
28864
28881
87681
1630
81244
75433
42323
3587
28112
92544
116472
59931
50652
34527
94378
42084
58816
36652
115168
49376
20044
28911
67566
90553
21726
125260
30844
7810
102520
97129
125987
89863
74750
693
33790
60060
891
29891
88372
55161
56647
84807
6355
71539
841
120505
39792
93053
2506
25993
3099
37627
5578
5446
8324
74995
116332
3264
1485
71111
50308
7764
62160
19625
86412
45232
54503
13210
70812
14634
54400
31162
2560
98175
27448
41834
993
78898
51867
20837
68638
52479
86315
83822
10365
73762
111080
33218
52939
48711
40473
10189
44300
91177
36548
14141
26772
28300
40557
31843
20503
15721
90201
103867
41870
90918
82341
2554
7500
59866
3211
12237
5669
77315
8535
30042
49450
25839
25489
30612
26900
18065
46226
48352
46229
90504
88141
73382
69363
6810
50450
34870
44414
29705
88695
46889
67289
55288
44389
95682
81861
4535
82658
2432
68486
24951
58168
27922
21139
35873
82467
62216
2227
40240
69858
20012
8550
62003
30811
9890
18404
76423
37750
72341
49175
73318
60964
24112
43775
74306
10353
56666
64139
26890
3036
90146
5782
49137
26893
6570
41387
38023
34092
19327
23358
13729
15263
1926
12465
4599
16005
38399
25542
45416
21774

Case 18:
30962
38474
27983
19219
79104
31144
64373
76709
6493
79238
2577
43904
70655
96362
27275
84186
14433
88221
22269
23134
36939
68046
20118
47039
46945
106199
10205
37709
5476
4113
33290
25298
89190
68794
86805
20125
911
11212
31644
38263
66439
42967
26295
60015
32151
74985
23644
46645
67573
7267
66535
60170
32436
73080
20278
81082
27956
57418
87104
16857
25925
1976
24617
43558
12338
2035
6413
95400
14990
72862
1215
54831
40548
20436
70628
36754
16929
32631
40554
37106
49870
32352
17022
42252
46312
29014
20610
37638
5651
10735
6372
49530
74660
46952
29572
72651
59298
56928
4115
75360
99610
71493
45908
68236
23990
29599
16238
57673
44938
88273
34798
19224
15766
20015
45288
15481
28361
40450
58090
26776
5901
22613
82638
34504
39237
97189
36518
5501
10661
13901
6396
7324
19092
41454
467
14424
30814
31442
59817
33492
32882
37056
54957
75168
12390
72327

Case 19:
130701
46738
99581
137284
36291
42192
24594
12646
59716
31009
18859
13709
32508
55915
139950
106852
104009
68344
30252
84745
73335
7325
86086
77016
58991
181998
66478
14916
39426
138416
169072
97715
120364
155033
42194
7925
90906
152475
31701
85043
166566
36802
68282
3922
5864
39780
98907
148508
149821
21471
198581
58406
119458
19118
200522
84739
64849
84903
162746
12054
159041
16799
19265
97172
46494
103095
16794
1999
115022
103276
131667
50966
21656
7526
1327
4092
67656
174445
101348
90141
59632
37893
24515
3141
29592
69989
7020
5103
94965
115012
110450
6844
24921
5611
64379
4739
115435
20503
162587
6820
66653
35038
2546
32352
20687
143686
151772
92769
70416
26073
125139
93195
48180
13723
32190
85872
29182
53319
28470
101954
57388
121365

Case 20:
20696855
11605054
11278922
2934431
709299
3373921
2033910
10269448
9184642
14360740
11577677
5957428
123448
5077391
11261873
1773502
1188528
10799482
7164418
13972230
6330628
24749270
9896115
14329888
13758023
11547538
2700036
592870
1833245
2858900
11703672
531055
19648944
16768595
5730692
2166451
16268982
16680859
384290
19172726
164118
5533351
6987570
16046289
11656537
1397838
16585285
21328159
15324526
2280013
21879019
3600946
7802080
13233279
13848005
24376680
12330867
8548753
7053749
11963208
5870258
6838932
1549888
16196361
839496
14250158
2975405
16384326
2536950
12960802
13683518
13822577
17117718
2250653
6631345
563798
12322565
19440550
14730651
12577325
1375304
18631816
17679875
4313345
12674596
13524913
11612144
9933248
21159605
6030262
12019304
6639044
17406
17990161
17364431
16614216
3748309
5631486
11237220
3190854
15874625
19762823
17916086
10558828
2133378
2386351
16411531
15625458
16988538
4076651
17238691
796707
11463039
5298335
6052875
9022978
6777691
9916446
15381529
4882768
25040072
3418791
7429231
434618
6782087
838816
1622680
4915125
2015512
14218767
8122820
1593262
15210590
24964818
13388112
16188683
7994650
17678327
6932855
9611405
16968546
4946943
7038247
12751136
19808800
12277696
18071827
15670693
3639346
5498654
6083500
2514587
12961934
6170627
16438226
426371
13942279
3142605
1193073
19942504
17222041
8381297
20627269
11132761
9124899
13837029
16806925
9124462
7278394
17599558
10684305
8125686
1641902
9238518
7610245
16847367
9783903
17172697
14395085
7888555
1641387
24962752
8847511
15530778
15498695
17371063
2441210
12518905
3959943
18613608
9579165
3498810
10442584
5535643
1198121
8437803
4629766
19228156
9309842
5843033
8063745
21251538
13820633
723635
13645604
17850186
21856279
2598090
2760803
20685179
5588558
26317261
16033651
14443903
10643381
130915
15875756
8116761
13871007
2167863
12701259
5780462
483597
20764500
3917621
8670873
6525973
5370630
20376749
3754494
4072957
22962270
7781610
13473038
10408676
13343570
3142241
10838526
12302434
25658376
26380499
7218891
10615106
10820912
1282512
21509181
10913837
17961243
4471394
10660879
10307867
763360
9155724
11828427
4430053
12804816
17916997
3638409
976828
15783229
15401386
9715909
1232506
18751235
170260
4649128
23749237
16097810
4446532
4987935
1017809
10335440
10677277
1038543
13967968
15624064
13790009
6423472
520920
14266993
1248886
5841687
3268999
31768632
14256444
21217397
21344017
23902294
1795207
5177407
5978072
19766476
9375145
3521604
6851097
24391219
27135722
5566853
804584
21377927
7284728
7171264
4650169
3992493
1311224
5049858
30850063
15742277
13112060
22417398
22019759
8230487
8656790
32410486
15688335
15115407
10217717
28935137
4626058
10247600
13337348
10651288
22042113
12366056
34751545
24875141
5824590
1404545
1522607
10769889
7839864
18037690
6602217
13748542
1315990
5012011
7558632
5296373
6160335
4477820
4235423
17960893
33773605
13406354
9916266
2606002
5469323
9058022
5830337
1118244
7629812
3049265
6651212
5500844
13048509
8920838
16744966
5564680
17633791
7730091
13503238
11584906
10311202
5951870
33309676
1622256
18113503
17474242
4217593
14437223
10338632
4759317
6829133
13851356
566214
17553734
11183401
25451521
7376875
25889333
32880210
229016
7062550
4449609
11783705
1346659
1244696
9068441
11342094
1580071
8820424
26708222
23272200
9459679
5282437
29461611
15998927
6311706
71276
7448101
24071644
798762
22595892
5247992
18165825
23125378
20092886
8503412
30436225
4291317
4211411
11004671
3370761
18130883
2409244
5176095
17096496
9760080
7916578
1083406
21628609
31996749
9067648
18106786
24088820
329672
3330923
6258267
15165877
1869954
12094763
23456259
1756455
16948572
1256997
1887449
13308776
25124647
21165769
7725321
13716430
5147192
30074473
1854450
7239908
16699511
8640352
7292218
13050789
33857620
5715328
2815817
7944229
4129428
88019
23917446
3298862
5160510
10771945
4473250
21530440
5961634
5191777
12818640
21387137
11665915
11586816
18779828
9502416
22971591
36014046
16035844
1591540
8354886
23925213
15411399
6383284
31476318
2240232
3021501
12184548
18901900
2622096
8915673
35207788
3976599
7314944
4492745
21276522
8297711
11062340
14723755
15898897
25697139
13354253
416290
5013330
625856
756916
19863560
13610459
23688990
21902718
7158859
5544281
859179
19514990
4685331
8130320
4908517
16451941
7191529
7732187
13988751
5108672
2990619
29422
33559056
27403150
11877324
2479940
21155468
23776722
21804209
8465781
11177554
22952406
7025170
12290082
31956183
3515529
2172887
23482552
39563971
1113664
22269911
3986522
6125392
15985428
6025479
4387
1639169
28449673
11552160
1989878
6787535
2273820
15322990
24406228
23923461
17068427
19609415
16106436
6443973
22101638
2374948
10065760
20260315
14173265
6077622
9381292
22153274
11787346
17790781
13489273
3738080
11108218
31894233
7123633
10318530
16210716
12984024
6372377
29803890
36559631
1873994
770547
15016381
28694310
14108915
19836965
30724848
4428745
2818359
7878808
17761828
35685637
35643054
12281579
9820542
29373984
7044450
20363842
6742014
10182597
4779068
14237193
31140054
13260193
3457526
13767024
18710659
17636941
1640765
37341143
8397210
17620334
7288296
139326
8420492
25109624
5585711
38829889
15702597
2378364
11829579
6188747
31379491
5331831
6417520
31121210
15485302
19432900
989035
14659364
12101443
12530668
957289
19872083
16167531
41536431
38049718
25307207
29607936
5021565
2685390
1040472
31172600
1014089
22661367
22162951
34413243
25310709
13465536
11469384
22397953
17189747
22055067
15478085
32134551
26314224
2975875
1856546
7650990
10401702
5100402
8039278
457580
17754077
24619480
36566977
6263958
3728635
64194
32155228
40542705
22678283
17404020
4157584
45767318
3829289
36825
3912170
10044145
1755679
33134195
7510891
17646148
17391224
101833
21048377
15168499
8522770
6514845
6559095
33204747
32230041
38549082
1902223
10865077
16389169
11126774
44941733
11964938
19953200
38205911
5026610
9096584
30690763
15644589
12401045
29227090
31967150
22680051
3958823
8024385
39442707
43306323
29165199
8906003
16884627
18868133
238333
17709068
16920021
1174023
23858783
12149393
8177545
2101322
34215723
10047317
10003736
23825411
45541664
3579537
764541
9133647
22623648
16853448
9242685
8679745
43383870
20655308
4361097
36236026
13492691
2744979
25784681
13714495
10627216
27524750
35760728
4809400
4160805
21707101
25725427
24570986
28951790
293113
125201
9631412
852668
24526954
21365761
14412988
8649709
21186313
19628432
17040287
3750739
14386269
18723245
45677934
41713552
36474281
5884784
11572222
18622498
4826414
17992872
27814708
7868519
7843266
19075251
4556644
5395374
3382232
24016351
459819
6444910
12352112
30192764
21208955
57562
34177291
10427049
16102580
15451471
10129122
13790904
15609384
9756540
40350131
47512063
11517965
27353605
11597663
19168750
7295180
26779822
6341839
18991359
1101353
14233292
15031022
3317379
4111238
2196058
9596020
31794073
30144933
9327305
36014798
48722163
43786405
26805617
27294391
17425575
45470732
37258284
10171935
14995537
8691111
44167320
6204039
25530365
13670743
22727805
7224612
5584592
27899881
10246696
44487840
15755972
22279700
11771403
17803016
31466724
44510283
35688850
1322310
20193230
5334725
27821838
33726049
29474352
4655673
45154968
39005669
16798731
41888827
980842
20766212
12392484
26480799
43006702
15948186
3970363
25524691
6430203
38908868
42894676
50140622
14504523
4529787
6224999
20169703
44237968
9290887
15837574
11101267
26790871
44304335
1237262
8389676
8050847
2940999
10858036
6628776
19337164
29392143
38503810
10396104
19251859
2089141
1083639
7839540
5417825
35636714
2055407
22891805
15066825
5826227
3318906
18754615
39627391
18429327
14537113
24473564
6917767
3361862
11452514
15233305
9394376
18046423
11716233
22422639
11599439
27971355
4865057
17739824
12248128
44115363
25822648
40154547
24011357
2841096
2425263
2180542
15161017
41671587
7256272
2739124
2141500
25734419
35302142
5528496
23535048
23361105
17226353
10131532
3044084
29533804
12823572
